{"D:\\Work\\react-hook-forms\\src\\App.js": {"path":"D:\\Work\\react-hook-forms\\src\\App.js","statementMap":{"0":{"start":{"line":7,"column":2},"end":{"line":11,"column":3}}},"fnMap":{"0":{"name":"App","decl":{"start":{"line":5,"column":9},"end":{"line":5,"column":12}},"loc":{"start":{"line":5,"column":15},"end":{"line":12,"column":1}},"line":5}},"branchMap":{},"s":{"0":0},"f":{"0":0},"b":{}}
,"D:\\Work\\react-hook-forms\\src\\main.js": {"path":"D:\\Work\\react-hook-forms\\src\\main.js","statementMap":{"0":{"start":{"line":6,"column":0},"end":{"line":10,"column":1}}},"fnMap":{},"branchMap":{},"s":{"0":0},"f":{},"b":{}}
,"D:\\Work\\react-hook-forms\\src\\components\\feature\\users\\UserList.js": {"path":"D:\\Work\\react-hook-forms\\src\\components\\feature\\users\\UserList.js","statementMap":{"0":{"start":{"line":18,"column":17},"end":{"line":49,"column":1}},"1":{"start":{"line":51,"column":17},"end":{"line":113,"column":1}},"2":{"start":{"line":52,"column":50},"end":{"line":52,"column":65}},"3":{"start":{"line":54,"column":22},"end":{"line":54,"column":54}},"4":{"start":{"line":54,"column":28},"end":{"line":54,"column":54}},"5":{"start":{"line":56,"column":2},"end":{"line":112,"column":4}},"6":{"start":{"line":72,"column":27},"end":{"line":72,"column":52}},"7":{"start":{"line":89,"column":16},"end":{"line":96,"column":27}}},"fnMap":{"0":{"name":"(anonymous_0)","decl":{"start":{"line":51,"column":17},"end":{"line":51,"column":18}},"loc":{"start":{"line":51,"column":23},"end":{"line":113,"column":1}},"line":51},"1":{"name":"(anonymous_1)","decl":{"start":{"line":54,"column":22},"end":{"line":54,"column":23}},"loc":{"start":{"line":54,"column":28},"end":{"line":54,"column":54}},"line":54},"2":{"name":"(anonymous_2)","decl":{"start":{"line":72,"column":21},"end":{"line":72,"column":22}},"loc":{"start":{"line":72,"column":27},"end":{"line":72,"column":52}},"line":72},"3":{"name":"(anonymous_3)","decl":{"start":{"line":88,"column":28},"end":{"line":88,"column":29}},"loc":{"start":{"line":89,"column":16},"end":{"line":96,"column":27}},"line":89}},"branchMap":{"0":{"loc":{"start":{"line":93,"column":21},"end":{"line":93,"column":49}},"type":"cond-expr","locations":[{"start":{"line":93,"column":37},"end":{"line":93,"column":42}},{"start":{"line":93,"column":45},"end":{"line":93,"column":49}}],"line":93}},"s":{"0":0,"1":0,"2":0,"3":0,"4":0,"5":0,"6":0,"7":0},"f":{"0":0,"1":0,"2":0,"3":0},"b":{"0":[0,0]}}
,"D:\\Work\\react-hook-forms\\src\\components\\feature\\users\\components\\UserForm.js": {"path":"D:\\Work\\react-hook-forms\\src\\components\\feature\\users\\components\\UserForm.js","statementMap":{"0":{"start":{"line":11,"column":17},"end":{"line":20,"column":1}},"1":{"start":{"line":22,"column":17},"end":{"line":86,"column":1}},"2":{"start":{"line":23,"column":19},"end":{"line":23,"column":59}},"3":{"start":{"line":24,"column":53},"end":{"line":34,"column":4}},"4":{"start":{"line":35,"column":2},"end":{"line":35,"column":23}},"5":{"start":{"line":37,"column":19},"end":{"line":39,"column":3}},"6":{"start":{"line":38,"column":4},"end":{"line":38,"column":25}},"7":{"start":{"line":41,"column":2},"end":{"line":85,"column":4}},"8":{"start":{"line":72,"column":16},"end":{"line":72,"column":69}}},"fnMap":{"0":{"name":"(anonymous_0)","decl":{"start":{"line":22,"column":17},"end":{"line":22,"column":18}},"loc":{"start":{"line":22,"column":38},"end":{"line":86,"column":1}},"line":22},"1":{"name":"(anonymous_1)","decl":{"start":{"line":37,"column":19},"end":{"line":37,"column":20}},"loc":{"start":{"line":37,"column":31},"end":{"line":39,"column":3}},"line":37},"2":{"name":"(anonymous_2)","decl":{"start":{"line":71,"column":23},"end":{"line":71,"column":24}},"loc":{"start":{"line":71,"column":29},"end":{"line":73,"column":15}},"line":71}},"branchMap":{},"s":{"0":0,"1":0,"2":0,"3":0,"4":0,"5":0,"6":0,"7":0,"8":0},"f":{"0":0,"1":0,"2":0},"b":{}}
,"D:\\Work\\react-hook-forms\\src\\components\\feature\\users\\schema\\UserFormSchema.js": {"path":"D:\\Work\\react-hook-forms\\src\\components\\feature\\users\\schema\\UserFormSchema.js","statementMap":{"0":{"start":{"line":3,"column":30},"end":{"line":18,"column":2}},"1":{"start":{"line":9,"column":6},"end":{"line":11,"column":7}},"2":{"start":{"line":10,"column":8},"end":{"line":10,"column":27}},"3":{"start":{"line":13,"column":6},"end":{"line":13,"column":18}}},"fnMap":{"0":{"name":"(anonymous_0)","decl":{"start":{"line":8,"column":15},"end":{"line":8,"column":16}},"loc":{"start":{"line":8,"column":26},"end":{"line":14,"column":5}},"line":8}},"branchMap":{"0":{"loc":{"start":{"line":9,"column":6},"end":{"line":11,"column":7}},"type":"if","locations":[{"start":{"line":9,"column":6},"end":{"line":11,"column":7}},{"start":{},"end":{}}],"line":9},"1":{"loc":{"start":{"line":9,"column":10},"end":{"line":9,"column":45}},"type":"binary-expr","locations":[{"start":{"line":9,"column":10},"end":{"line":9,"column":29}},{"start":{"line":9,"column":33},"end":{"line":9,"column":45}}],"line":9}},"s":{"0":0,"1":0,"2":0,"3":0},"f":{"0":0},"b":{"0":[0,0],"1":[0,0]}}
,"D:\\Work\\react-hook-forms\\src\\components\\shared\\controls\\Checkbox.js": {"path":"D:\\Work\\react-hook-forms\\src\\components\\shared\\controls\\Checkbox.js","statementMap":{"0":{"start":{"line":5,"column":14},"end":{"line":14,"column":1}},"1":{"start":{"line":6,"column":20},"end":{"line":6,"column":52}},"2":{"start":{"line":8,"column":2},"end":{"line":13,"column":4}}},"fnMap":{"0":{"name":"(anonymous_0)","decl":{"start":{"line":5,"column":14},"end":{"line":5,"column":15}},"loc":{"start":{"line":5,"column":44},"end":{"line":14,"column":1}},"line":5}},"branchMap":{},"s":{"0":0,"1":0,"2":0},"f":{"0":0},"b":{}}
,"D:\\Work\\react-hook-forms\\src\\components\\shared\\controls\\DatePicker.js": {"path":"D:\\Work\\react-hook-forms\\src\\components\\shared\\controls\\DatePicker.js","statementMap":{"0":{"start":{"line":8,"column":24},"end":{"line":23,"column":1}},"1":{"start":{"line":12,"column":6},"end":{"line":12,"column":38}},"2":{"start":{"line":14,"column":16},"end":{"line":14,"column":43}},"3":{"start":{"line":16,"column":2},"end":{"line":22,"column":4}}},"fnMap":{"0":{"name":"(anonymous_0)","decl":{"start":{"line":8,"column":24},"end":{"line":8,"column":25}},"loc":{"start":{"line":8,"column":54},"end":{"line":23,"column":1}},"line":8}},"branchMap":{"0":{"loc":{"start":{"line":20,"column":7},"end":{"line":20,"column":64}},"type":"binary-expr","locations":[{"start":{"line":20,"column":7},"end":{"line":20,"column":12}},{"start":{"line":20,"column":16},"end":{"line":20,"column":64}}],"line":20}},"s":{"0":0,"1":0,"2":0,"3":0},"f":{"0":0},"b":{"0":[0,0]}}
,"D:\\Work\\react-hook-forms\\src\\components\\shared\\controls\\Input.js": {"path":"D:\\Work\\react-hook-forms\\src\\components\\shared\\controls\\Input.js","statementMap":{"0":{"start":{"line":5,"column":14},"end":{"line":29,"column":1}},"1":{"start":{"line":9,"column":6},"end":{"line":9,"column":38}},"2":{"start":{"line":11,"column":2},"end":{"line":28,"column":4}}},"fnMap":{"0":{"name":"(anonymous_0)","decl":{"start":{"line":5,"column":14},"end":{"line":5,"column":15}},"loc":{"start":{"line":5,"column":59},"end":{"line":29,"column":1}},"line":5}},"branchMap":{"0":{"loc":{"start":{"line":5,"column":39},"end":{"line":5,"column":52}},"type":"default-arg","locations":[{"start":{"line":5,"column":46},"end":{"line":5,"column":52}}],"line":5},"1":{"loc":{"start":{"line":26,"column":7},"end":{"line":26,"column":64}},"type":"binary-expr","locations":[{"start":{"line":26,"column":7},"end":{"line":26,"column":12}},{"start":{"line":26,"column":16},"end":{"line":26,"column":64}}],"line":26}},"s":{"0":1,"1":1,"2":1},"f":{"0":1},"b":{"0":[1],"1":[1,0]},"_coverageSchema":"1a1c01bbd47fc00a2c39e90264f33305004495a9","hash":"6a35fc27f3035b607269fce0638efcde1f3452f1"}
,"D:\\Work\\react-hook-forms\\src\\components\\shared\\controls\\Select.js": {"path":"D:\\Work\\react-hook-forms\\src\\components\\shared\\controls\\Select.js","statementMap":{"0":{"start":{"line":6,"column":20},"end":{"line":19,"column":1}},"1":{"start":{"line":10,"column":6},"end":{"line":10,"column":38}},"2":{"start":{"line":12,"column":2},"end":{"line":18,"column":4}}},"fnMap":{"0":{"name":"(anonymous_0)","decl":{"start":{"line":6,"column":20},"end":{"line":6,"column":21}},"loc":{"start":{"line":6,"column":59},"end":{"line":19,"column":1}},"line":6}},"branchMap":{"0":{"loc":{"start":{"line":16,"column":7},"end":{"line":16,"column":64}},"type":"binary-expr","locations":[{"start":{"line":16,"column":7},"end":{"line":16,"column":12}},{"start":{"line":16,"column":16},"end":{"line":16,"column":64}}],"line":16}},"s":{"0":0,"1":0,"2":0},"f":{"0":0},"b":{"0":[0,0]}}
,"D:\\Work\\react-hook-forms\\src\\hooks\\useYupValidationResolver.jsx": {"path":"D:\\Work\\react-hook-forms\\src\\hooks\\useYupValidationResolver.jsx","statementMap":{"0":{"start":{"line":3,"column":40},"end":{"line":32,"column":3}},"1":{"start":{"line":4,"column":2},"end":{"line":32,"column":3}},"2":{"start":{"line":6,"column":6},"end":{"line":29,"column":7}},"3":{"start":{"line":7,"column":23},"end":{"line":9,"column":10}},"4":{"start":{"line":11,"column":8},"end":{"line":14,"column":10}},"5":{"start":{"line":16,"column":8},"end":{"line":28,"column":10}},"6":{"start":{"line":19,"column":42},"end":{"line":25,"column":13}}},"fnMap":{"0":{"name":"(anonymous_0)","decl":{"start":{"line":3,"column":40},"end":{"line":3,"column":41}},"loc":{"start":{"line":4,"column":2},"end":{"line":32,"column":3}},"line":4},"1":{"name":"(anonymous_1)","decl":{"start":{"line":5,"column":4},"end":{"line":5,"column":5}},"loc":{"start":{"line":5,"column":20},"end":{"line":30,"column":5}},"line":5},"2":{"name":"(anonymous_2)","decl":{"start":{"line":19,"column":12},"end":{"line":19,"column":13}},"loc":{"start":{"line":19,"column":42},"end":{"line":25,"column":13}},"line":19}},"branchMap":{"0":{"loc":{"start":{"line":22,"column":22},"end":{"line":22,"column":55}},"type":"binary-expr","locations":[{"start":{"line":22,"column":22},"end":{"line":22,"column":39}},{"start":{"line":22,"column":43},"end":{"line":22,"column":55}}],"line":22}},"s":{"0":1,"1":1,"2":0,"3":0,"4":0,"5":0,"6":0},"f":{"0":1,"1":0,"2":0},"b":{"0":[0,0]},"_coverageSchema":"1a1c01bbd47fc00a2c39e90264f33305004495a9","hash":"90487c84dd7ed98a3fd7267134cdefa6bd7a2a39"}
}
